# JRE version: Java(TM) SE Runtime Environment (8.0_121-b13) (build 1.8.0_121-b13)
# Java VM: Java HotSpot(TM) 64-Bit Server VM (25.121-b13 mixed mode linux-amd64 compressed oops)
Heap:
 PSYoungGen      total 250880K, used 23532K [0x00000000e0000000, 0x00000000f1880000, 0x0000000100000000)
  eden space 227328K, 0% used [0x00000000e0000000,0x00000000e0000000,0x00000000ede00000)
  from space 23552K, 99% used [0x00000000ede00000,0x00000000ef4fb220,0x00000000ef500000)
  to   space 23552K, 0% used [0x00000000ef500000,0x00000000ef500000,0x00000000f0c00000)
 ParOldGen       total 99328K, used 62625K [0x00000000a0000000, 0x00000000a6100000, 0x00000000e0000000)
  object space 99328K, 63% used [0x00000000a0000000,0x00000000a3d28590,0x00000000a6100000)
 Metaspace       used 63578K, capacity 65032K, committed 65240K, reserved 1105920K
  class space    used 8306K, capacity 8678K, committed 8704K, reserved 1048576K
GC Heap History (10 events):
Event: 30.231 GC heap after
Heap after GC invocations=11 (full 2):
 PSYoungGen      total 154112K, used 11763K [0x00000000e0000000, 0x00000000ecf00000, 0x0000000100000000)
  eden space 142336K, 0% used [0x00000000e0000000,0x00000000e0000000,0x00000000e8b00000)
  from space 11776K, 99% used [0x00000000e8b00000,0x00000000e967cfb8,0x00000000e9680000)
  to   space 13824K, 0% used [0x00000000ec180000,0x00000000ec180000,0x00000000ecf00000)
 ParOldGen       total 57856K, used 18575K [0x00000000a0000000, 0x00000000a3880000, 0x00000000e0000000)
  object space 57856K, 32% used [0x00000000a0000000,0x00000000a1223f88,0x00000000a3880000)
 Metaspace       used 43211K, capacity 44148K, committed 44288K, reserved 1087488K
  class space    used 5865K, capacity 6138K, committed 6144K, reserved 1048576K
}
Event: 48.790 GC heap before
{Heap before GC invocations=12 (full 2):
 PSYoungGen      total 154112K, used 154099K [0x00000000e0000000, 0x00000000ecf00000, 0x0000000100000000)
  eden space 142336K, 100% used [0x00000000e0000000,0x00000000e8b00000,0x00000000e8b00000)
  from space 11776K, 99% used [0x00000000e8b00000,0x00000000e967cfb8,0x00000000e9680000)
  to   space 13824K, 0% used [0x00000000ec180000,0x00000000ec180000,0x00000000ecf00000)
 ParOldGen       total 57856K, used 18575K [0x00000000a0000000, 0x00000000a3880000, 0x00000000e0000000)
  object space 57856K, 32% used [0x00000000a0000000,0x00000000a1223f88,0x00000000a3880000)
 Metaspace       used 50081K, capacity 51362K, committed 51456K, reserved 1093632K
  class space    used 6813K, capacity 7109K, committed 7168K, reserved 1048576K
Event: 48.954 GC heap after
Heap after GC invocations=12 (full 2):
 PSYoungGen      total 193536K, used 13808K [0x00000000e0000000, 0x00000000ed480000, 0x0000000100000000)
  eden space 179712K, 0% used [0x00000000e0000000,0x00000000e0000000,0x00000000eaf80000)
  from space 13824K, 99% used [0x00000000ec180000,0x00000000ecefc020,0x00000000ecf00000)
  to   space 18432K, 0% used [0x00000000eaf80000,0x00000000eaf80000,0x00000000ec180000)
 ParOldGen       total 57856K, used 26705K [0x00000000a0000000, 0x00000000a3880000, 0x00000000e0000000)
  object space 57856K, 46% used [0x00000000a0000000,0x00000000a1a144d0,0x00000000a3880000)
 Metaspace       used 50081K, capacity 51362K, committed 51456K, reserved 1093632K
  class space    used 6813K, capacity 7109K, committed 7168K, reserved 1048576K
}
Event: 59.988 GC heap before
{Heap before GC invocations=13 (full 2):
 PSYoungGen      total 193536K, used 193520K [0x00000000e0000000, 0x00000000ed480000, 0x0000000100000000)
  eden space 179712K, 100% used [0x00000000e0000000,0x00000000eaf80000,0x00000000eaf80000)
  from space 13824K, 99% used [0x00000000ec180000,0x00000000ecefc020,0x00000000ecf00000)
  to   space 18432K, 0% used [0x00000000eaf80000,0x00000000eaf80000,0x00000000ec180000)
 ParOldGen       total 57856K, used 26705K [0x00000000a0000000, 0x00000000a3880000, 0x00000000e0000000)
  object space 57856K, 46% used [0x00000000a0000000,0x00000000a1a144d0,0x00000000a3880000)
 Metaspace       used 54722K, capacity 56164K, committed 56448K, reserved 1097728K
  class space    used 7384K, capacity 7734K, committed 7808K, reserved 1048576K
Event: 60.175 GC heap after
Heap after GC invocations=13 (full 2):
 PSYoungGen      total 198144K, used 18425K [0x00000000e0000000, 0x00000000f0c00000, 0x0000000100000000)
  eden space 179712K, 0% used [0x00000000e0000000,0x00000000e0000000,0x00000000eaf80000)
  from space 18432K, 99% used [0x00000000eaf80000,0x00000000ec17e548,0x00000000ec180000)
  to   space 23552K, 0% used [0x00000000ef500000,0x00000000ef500000,0x00000000f0c00000)
 ParOldGen       total 57856K, used 32526K [0x00000000a0000000, 0x00000000a3880000, 0x00000000e0000000)
  object space 57856K, 56% used [0x00000000a0000000,0x00000000a1fc39d8,0x00000000a3880000)
 Metaspace       used 54722K, capacity 56164K, committed 56448K, reserved 1097728K
  class space    used 7384K, capacity 7734K, committed 7808K, reserved 1048576K
}
Event: 61.935 GC heap before
{Heap before GC invocations=14 (full 2):
 PSYoungGen      total 198144K, used 41153K [0x00000000e0000000, 0x00000000f0c00000, 0x0000000100000000)
  eden space 179712K, 12% used [0x00000000e0000000,0x00000000e1631f78,0x00000000eaf80000)
  from space 18432K, 99% used [0x00000000eaf80000,0x00000000ec17e548,0x00000000ec180000)
  to   space 23552K, 0% used [0x00000000ef500000,0x00000000ef500000,0x00000000f0c00000)
 ParOldGen       total 57856K, used 32526K [0x00000000a0000000, 0x00000000a3880000, 0x00000000e0000000)
  object space 57856K, 56% used [0x00000000a0000000,0x00000000a1fc39d8,0x00000000a3880000)
 Metaspace       used 57620K, capacity 58954K, committed 59096K, reserved 1099776K
  class space    used 7814K, capacity 8151K, committed 8192K, reserved 1048576K
Event: 62.049 GC heap after
Heap after GC invocations=14 (full 2):
 PSYoungGen      total 250880K, used 1520K [0x00000000e0000000, 0x00000000f1880000, 0x0000000100000000)
  eden space 227328K, 0% used [0x00000000e0000000,0x00000000e0000000,0x00000000ede00000)
  from space 23552K, 6% used [0x00000000ef500000,0x00000000ef67c020,0x00000000f0c00000)
  to   space 23552K, 0% used [0x00000000ede00000,0x00000000ede00000,0x00000000ef500000)
 ParOldGen       total 57856K, used 48792K [0x00000000a0000000, 0x00000000a3880000, 0x00000000e0000000)
  object space 57856K, 84% used [0x00000000a0000000,0x00000000a2fa6388,0x00000000a3880000)
 Metaspace       used 57620K, capacity 58954K, committed 59096K, reserved 1099776K
  class space    used 7814K, capacity 8151K, committed 8192K, reserved 1048576K
}
Event: 62.049 GC heap before
{Heap before GC invocations=15 (full 3):
 PSYoungGen      total 250880K, used 1520K [0x00000000e0000000, 0x00000000f1880000, 0x0000000100000000)
  eden space 227328K, 0% used [0x00000000e0000000,0x00000000e0000000,0x00000000ede00000)
  from space 23552K, 6% used [0x00000000ef500000,0x00000000ef67c020,0x00000000f0c00000)
  to   space 23552K, 0% used [0x00000000ede00000,0x00000000ede00000,0x00000000ef500000)
 ParOldGen       total 57856K, used 48792K [0x00000000a0000000, 0x00000000a3880000, 0x00000000e0000000)
  object space 57856K, 84% used [0x00000000a0000000,0x00000000a2fa6388,0x00000000a3880000)
 Metaspace       used 57620K, capacity 58954K, committed 59096K, reserved 1099776K
  class space    used 7814K, capacity 8151K, committed 8192K, reserved 1048576K
Event: 62.788 GC heap after
Heap after GC invocations=15 (full 3):
 PSYoungGen      total 250880K, used 0K [0x00000000e0000000, 0x00000000f1880000, 0x0000000100000000)
  eden space 227328K, 0% used [0x00000000e0000000,0x00000000e0000000,0x00000000ede00000)
  from space 23552K, 0% used [0x00000000ef500000,0x00000000ef500000,0x00000000f0c00000)
  to   space 23552K, 0% used [0x00000000ede00000,0x00000000ede00000,0x00000000ef500000)
 ParOldGen       total 99328K, used 43831K [0x00000000a0000000, 0x00000000a6100000, 0x00000000e0000000)
  object space 99328K, 44% used [0x00000000a0000000,0x00000000a2acdcd0,0x00000000a6100000)
 Metaspace       used 57618K, capacity 58948K, committed 59096K, reserved 1099776K
  class space    used 7814K, capacity 8150K, committed 8192K, reserved 1048576K
}
Event: 76.278 GC heap before
{Heap before GC invocations=16 (full 3):
 PSYoungGen      total 250880K, used 227328K [0x00000000e0000000, 0x00000000f1880000, 0x0000000100000000)
  eden space 227328K, 100% used [0x00000000e0000000,0x00000000ede00000,0x00000000ede00000)
  from space 23552K, 0% used [0x00000000ef500000,0x00000000ef500000,0x00000000f0c00000)
  to   space 23552K, 0% used [0x00000000ede00000,0x00000000ede00000,0x00000000ef500000)
 ParOldGen       total 99328K, used 43831K [0x00000000a0000000, 0x00000000a6100000, 0x00000000e0000000)
  object space 99328K, 44% used [0x00000000a0000000,0x00000000a2acdcd0,0x00000000a6100000)
 Metaspace       used 63578K, capacity 65032K, committed 65240K, reserved 1105920K
  class space    used 8306K, capacity 8678K, committed 8704K, reserved 1048576K

