# JRE version: Java(TM) SE Runtime Environment (8.0_121-b13) (build 1.8.0_121-b13)
# Java VM: Java HotSpot(TM) 64-Bit Server VM (25.121-b13 mixed mode linux-amd64 compressed oops)
Heap:
 PSYoungGen      total 263168K, used 12554K [0x00000000e0000000, 0x00000000f4880000, 0x0000000100000000)
  eden space 236544K, 0% used [0x00000000e0000000,0x00000000e0000000,0x00000000ee700000)
  from space 26624K, 47% used [0x00000000f0b80000,0x00000000f17c2968,0x00000000f2580000)
  to   space 37376K, 0% used [0x00000000ee700000,0x00000000ee700000,0x00000000f0b80000)
 ParOldGen       total 59392K, used 59082K [0x00000000a0000000, 0x00000000a3a00000, 0x00000000e0000000)
  object space 59392K, 99% used [0x00000000a0000000,0x00000000a39b2a50,0x00000000a3a00000)
 Metaspace       used 52980K, capacity 54380K, committed 54616K, reserved 1095680K
  class space    used 7100K, capacity 7463K, committed 7552K, reserved 1048576K
GC Heap History (10 events):
Event: 17.730 GC heap after
Heap after GC invocations=10 (full 2):
 PSYoungGen      total 151552K, used 0K [0x00000000e0000000, 0x00000000ece00000, 0x0000000100000000)
  eden space 141824K, 0% used [0x00000000e0000000,0x00000000e0000000,0x00000000e8a80000)
  from space 9728K, 0% used [0x00000000e9600000,0x00000000e9600000,0x00000000e9f80000)
  to   space 11776K, 0% used [0x00000000e8a80000,0x00000000e8a80000,0x00000000e9600000)
 ParOldGen       total 56320K, used 18081K [0x00000000a0000000, 0x00000000a3700000, 0x00000000e0000000)
  object space 56320K, 32% used [0x00000000a0000000,0x00000000a11a8580,0x00000000a3700000)
 Metaspace       used 34527K, capacity 35172K, committed 35416K, reserved 1079296K
  class space    used 4737K, capacity 4899K, committed 4992K, reserved 1048576K
}
Event: 24.837 GC heap before
{Heap before GC invocations=11 (full 2):
 PSYoungGen      total 151552K, used 141824K [0x00000000e0000000, 0x00000000ece00000, 0x0000000100000000)
  eden space 141824K, 100% used [0x00000000e0000000,0x00000000e8a80000,0x00000000e8a80000)
  from space 9728K, 0% used [0x00000000e9600000,0x00000000e9600000,0x00000000e9f80000)
  to   space 11776K, 0% used [0x00000000e8a80000,0x00000000e8a80000,0x00000000e9600000)
 ParOldGen       total 56320K, used 18081K [0x00000000a0000000, 0x00000000a3700000, 0x00000000e0000000)
  object space 56320K, 32% used [0x00000000a0000000,0x00000000a11a8580,0x00000000a3700000)
 Metaspace       used 43214K, capacity 44228K, committed 44248K, reserved 1087488K
  class space    used 5867K, capacity 6141K, committed 6144K, reserved 1048576K
Event: 24.940 GC heap after
Heap after GC invocations=11 (full 2):
 PSYoungGen      total 153600K, used 11755K [0x00000000e0000000, 0x00000000ed380000, 0x0000000100000000)
  eden space 141824K, 0% used [0x00000000e0000000,0x00000000e0000000,0x00000000e8a80000)
  from space 11776K, 99% used [0x00000000e8a80000,0x00000000e95fae10,0x00000000e9600000)
  to   space 13824K, 0% used [0x00000000ec600000,0x00000000ec600000,0x00000000ed380000)
 ParOldGen       total 56320K, used 18507K [0x00000000a0000000, 0x00000000a3700000, 0x00000000e0000000)
  object space 56320K, 32% used [0x00000000a0000000,0x00000000a1212e08,0x00000000a3700000)
 Metaspace       used 43214K, capacity 44228K, committed 44248K, reserved 1087488K
  class space    used 5867K, capacity 6141K, committed 6144K, reserved 1048576K
}
Event: 34.658 GC heap before
{Heap before GC invocations=12 (full 2):
 PSYoungGen      total 153600K, used 153579K [0x00000000e0000000, 0x00000000ed380000, 0x0000000100000000)
  eden space 141824K, 100% used [0x00000000e0000000,0x00000000e8a80000,0x00000000e8a80000)
  from space 11776K, 99% used [0x00000000e8a80000,0x00000000e95fae10,0x00000000e9600000)
  to   space 13824K, 0% used [0x00000000ec600000,0x00000000ec600000,0x00000000ed380000)
 ParOldGen       total 56320K, used 18507K [0x00000000a0000000, 0x00000000a3700000, 0x00000000e0000000)
  object space 56320K, 32% used [0x00000000a0000000,0x00000000a1212e08,0x00000000a3700000)
 Metaspace       used 49693K, capacity 51016K, committed 51160K, reserved 1093632K
  class space    used 6767K, capacity 7095K, committed 7168K, reserved 1048576K
Event: 34.784 GC heap after
Heap after GC invocations=12 (full 2):
 PSYoungGen      total 198656K, used 13811K [0x00000000e0000000, 0x00000000ed880000, 0x0000000100000000)
  eden space 184832K, 0% used [0x00000000e0000000,0x00000000e0000000,0x00000000eb480000)
  from space 13824K, 99% used [0x00000000ec600000,0x00000000ed37cc90,0x00000000ed380000)
  to   space 17920K, 0% used [0x00000000eb480000,0x00000000eb480000,0x00000000ec600000)
 ParOldGen       total 56320K, used 25167K [0x00000000a0000000, 0x00000000a3700000, 0x00000000e0000000)
  object space 56320K, 44% used [0x00000000a0000000,0x00000000a1893fd0,0x00000000a3700000)
 Metaspace       used 49693K, capacity 51016K, committed 51160K, reserved 1093632K
  class space    used 6767K, capacity 7095K, committed 7168K, reserved 1048576K
}
Event: 39.098 GC heap before
{Heap before GC invocations=13 (full 2):
 PSYoungGen      total 198656K, used 198643K [0x00000000e0000000, 0x00000000ed880000, 0x0000000100000000)
  eden space 184832K, 100% used [0x00000000e0000000,0x00000000eb480000,0x00000000eb480000)
  from space 13824K, 99% used [0x00000000ec600000,0x00000000ed37cc90,0x00000000ed380000)
  to   space 17920K, 0% used [0x00000000eb480000,0x00000000eb480000,0x00000000ec600000)
 ParOldGen       total 56320K, used 25167K [0x00000000a0000000, 0x00000000a3700000, 0x00000000e0000000)
  object space 56320K, 44% used [0x00000000a0000000,0x00000000a1893fd0,0x00000000a3700000)
 Metaspace       used 52912K, capacity 54302K, committed 54616K, reserved 1095680K
  class space    used 7106K, capacity 7476K, committed 7552K, reserved 1048576K
Event: 39.341 GC heap after
Heap after GC invocations=13 (full 2):
 PSYoungGen      total 202752K, used 17915K [0x00000000e0000000, 0x00000000f2580000, 0x0000000100000000)
  eden space 184832K, 0% used [0x00000000e0000000,0x00000000e0000000,0x00000000eb480000)
  from space 17920K, 99% used [0x00000000eb480000,0x00000000ec5fed28,0x00000000ec600000)
  to   space 26624K, 0% used [0x00000000f0b80000,0x00000000f0b80000,0x00000000f2580000)
 ParOldGen       total 56320K, used 41246K [0x00000000a0000000, 0x00000000a3700000, 0x00000000e0000000)
  object space 56320K, 73% used [0x00000000a0000000,0x00000000a2847b38,0x00000000a3700000)
 Metaspace       used 52912K, capacity 54302K, committed 54616K, reserved 1095680K
  class space    used 7106K, capacity 7476K, committed 7552K, reserved 1048576K
}
Event: 41.253 GC heap before
{Heap before GC invocations=14 (full 2):
 PSYoungGen      total 202752K, used 202747K [0x00000000e0000000, 0x00000000f2580000, 0x0000000100000000)
  eden space 184832K, 100% used [0x00000000e0000000,0x00000000eb480000,0x00000000eb480000)
  from space 17920K, 99% used [0x00000000eb480000,0x00000000ec5fed28,0x00000000ec600000)
  to   space 26624K, 0% used [0x00000000f0b80000,0x00000000f0b80000,0x00000000f2580000)
 ParOldGen       total 56320K, used 41246K [0x00000000a0000000, 0x00000000a3700000, 0x00000000e0000000)
  object space 56320K, 73% used [0x00000000a0000000,0x00000000a2847b38,0x00000000a3700000)
 Metaspace       used 52999K, capacity 54430K, committed 54616K, reserved 1095680K
  class space    used 7107K, capacity 7476K, committed 7552K, reserved 1048576K
Event: 41.548 GC heap after
Heap after GC invocations=14 (full 2):
 PSYoungGen      total 263168K, used 26594K [0x00000000e0000000, 0x00000000f4880000, 0x0000000100000000)
  eden space 236544K, 0% used [0x00000000e0000000,0x00000000e0000000,0x00000000ee700000)
  from space 26624K, 99% used [0x00000000f0b80000,0x00000000f2578938,0x00000000f2580000)
  to   space 37376K, 0% used [0x00000000ee700000,0x00000000ee700000,0x00000000f0b80000)
 ParOldGen       total 59392K, used 58880K [0x00000000a0000000, 0x00000000a3a00000, 0x00000000e0000000)
  object space 59392K, 99% used [0x00000000a0000000,0x00000000a3980050,0x00000000a3a00000)
 Metaspace       used 52999K, capacity 54430K, committed 54616K, reserved 1095680K
  class space    used 7107K, capacity 7476K, committed 7552K, reserved 1048576K
}
Event: 41.552 GC heap before
{Heap before GC invocations=15 (full 3):
 PSYoungGen      total 263168K, used 26594K [0x00000000e0000000, 0x00000000f4880000, 0x0000000100000000)
  eden space 236544K, 0% used [0x00000000e0000000,0x00000000e0000000,0x00000000ee700000)
  from space 26624K, 99% used [0x00000000f0b80000,0x00000000f2578938,0x00000000f2580000)
  to   space 37376K, 0% used [0x00000000ee700000,0x00000000ee700000,0x00000000f0b80000)
 ParOldGen       total 59392K, used 58880K [0x00000000a0000000, 0x00000000a3a00000, 0x00000000e0000000)
  object space 59392K, 99% used [0x00000000a0000000,0x00000000a3980050,0x00000000a3a00000)
 Metaspace       used 52999K, capacity 54430K, committed 54616K, reserved 1095680K
  class space    used 7107K, capacity 7476K, committed 7552K, reserved 1048576K

