# JRE version: Java(TM) SE Runtime Environment (8.0_121-b13) (build 1.8.0_121-b13)
# Java VM: Java HotSpot(TM) 64-Bit Server VM (25.121-b13 mixed mode linux-amd64 compressed oops)
Heap:
 PSYoungGen      total 435200K, used 6102K [0x00000000e0000000, 0x0000000100000000, 0x0000000100000000)
  eden space 376832K, 0% used [0x00000000e0000000,0x00000000e0000000,0x00000000f7000000)
  from space 58368K, 10% used [0x00000000fbe00000,0x00000000fc3f5a28,0x00000000ff700000)
  to   space 73728K, 0% used [0x00000000f7000000,0x00000000f7000000,0x00000000fb800000)
 ParOldGen       total 113152K, used 113125K [0x00000000a0000000, 0x00000000a6e80000, 0x00000000e0000000)
  object space 113152K, 99% used [0x00000000a0000000,0x00000000a6e797a8,0x00000000a6e80000)
 Metaspace       used 67311K, capacity 68944K, committed 69120K, reserved 1110016K
  class space    used 8521K, capacity 8887K, committed 8960K, reserved 1048576K
GC Heap History (10 events):
Event: 440.304 GC heap after
Heap after GC invocations=20 (full 4):
 PSYoungGen      total 298496K, used 0K [0x00000000e0000000, 0x00000000f5300000, 0x0000000100000000)
  eden space 263168K, 0% used [0x00000000e0000000,0x00000000e0000000,0x00000000f0100000)
  from space 35328K, 0% used [0x00000000f2400000,0x00000000f2400000,0x00000000f4680000)
  to   space 35840K, 0% used [0x00000000f0100000,0x00000000f0100000,0x00000000f2400000)
 ParOldGen       total 113152K, used 54436K [0x00000000a0000000, 0x00000000a6e80000, 0x00000000e0000000)
  object space 113152K, 48% used [0x00000000a0000000,0x00000000a3529208,0x00000000a6e80000)
 Metaspace       used 57348K, capacity 58742K, committed 58880K, reserved 1099776K
  class space    used 7532K, capacity 7868K, committed 7936K, reserved 1048576K
}
Event: 636.277 GC heap before
{Heap before GC invocations=21 (full 4):
 PSYoungGen      total 298496K, used 263168K [0x00000000e0000000, 0x00000000f5300000, 0x0000000100000000)
  eden space 263168K, 100% used [0x00000000e0000000,0x00000000f0100000,0x00000000f0100000)
  from space 35328K, 0% used [0x00000000f2400000,0x00000000f2400000,0x00000000f4680000)
  to   space 35840K, 0% used [0x00000000f0100000,0x00000000f0100000,0x00000000f2400000)
 ParOldGen       total 113152K, used 54436K [0x00000000a0000000, 0x00000000a6e80000, 0x00000000e0000000)
  object space 113152K, 48% used [0x00000000a0000000,0x00000000a3529208,0x00000000a6e80000)
 Metaspace       used 62494K, capacity 64172K, committed 64384K, reserved 1105920K
  class space    used 8109K, capacity 8481K, committed 8576K, reserved 1048576K
Event: 636.525 GC heap after
Heap after GC invocations=21 (full 4):
 PSYoungGen      total 299008K, used 24076K [0x00000000e0000000, 0x00000000f8f00000, 0x0000000100000000)
  eden space 263168K, 0% used [0x00000000e0000000,0x00000000e0000000,0x00000000f0100000)
  from space 35840K, 67% used [0x00000000f0100000,0x00000000f1883320,0x00000000f2400000)
  to   space 36864K, 0% used [0x00000000f6b00000,0x00000000f6b00000,0x00000000f8f00000)
 ParOldGen       total 113152K, used 54444K [0x00000000a0000000, 0x00000000a6e80000, 0x00000000e0000000)
  object space 113152K, 48% used [0x00000000a0000000,0x00000000a352b208,0x00000000a6e80000)
 Metaspace       used 62494K, capacity 64172K, committed 64384K, reserved 1105920K
  class space    used 8109K, capacity 8481K, committed 8576K, reserved 1048576K
}
Event: 644.266 GC heap before
{Heap before GC invocations=22 (full 4):
 PSYoungGen      total 299008K, used 287244K [0x00000000e0000000, 0x00000000f8f00000, 0x0000000100000000)
  eden space 263168K, 100% used [0x00000000e0000000,0x00000000f0100000,0x00000000f0100000)
  from space 35840K, 67% used [0x00000000f0100000,0x00000000f1883320,0x00000000f2400000)
  to   space 36864K, 0% used [0x00000000f6b00000,0x00000000f6b00000,0x00000000f8f00000)
 ParOldGen       total 113152K, used 54444K [0x00000000a0000000, 0x00000000a6e80000, 0x00000000e0000000)
  object space 113152K, 48% used [0x00000000a0000000,0x00000000a352b208,0x00000000a6e80000)
 Metaspace       used 67015K, capacity 68718K, committed 68864K, reserved 1110016K
  class space    used 8523K, capacity 8896K, committed 8960K, reserved 1048576K
Event: 644.453 GC heap after
Heap after GC invocations=22 (full 4):
 PSYoungGen      total 347136K, used 36341K [0x00000000e0000000, 0x00000000f8e80000, 0x0000000100000000)
  eden space 310784K, 0% used [0x00000000e0000000,0x00000000e0000000,0x00000000f2f80000)
  from space 36352K, 99% used [0x00000000f6b00000,0x00000000f8e7d6e8,0x00000000f8e80000)
  to   space 42496K, 0% used [0x00000000f3b80000,0x00000000f3b80000,0x00000000f6500000)
 ParOldGen       total 113152K, used 54452K [0x00000000a0000000, 0x00000000a6e80000, 0x00000000e0000000)
  object space 113152K, 48% used [0x00000000a0000000,0x00000000a352d208,0x00000000a6e80000)
 Metaspace       used 67015K, capacity 68718K, committed 68864K, reserved 1110016K
  class space    used 8523K, capacity 8896K, committed 8960K, reserved 1048576K
}
Event: 647.044 GC heap before
{Heap before GC invocations=23 (full 4):
 PSYoungGen      total 347136K, used 347125K [0x00000000e0000000, 0x00000000f8e80000, 0x0000000100000000)
  eden space 310784K, 100% used [0x00000000e0000000,0x00000000f2f80000,0x00000000f2f80000)
  from space 36352K, 99% used [0x00000000f6b00000,0x00000000f8e7d6e8,0x00000000f8e80000)
  to   space 42496K, 0% used [0x00000000f3b80000,0x00000000f3b80000,0x00000000f6500000)
 ParOldGen       total 113152K, used 54452K [0x00000000a0000000, 0x00000000a6e80000, 0x00000000e0000000)
  object space 113152K, 48% used [0x00000000a0000000,0x00000000a352d208,0x00000000a6e80000)
 Metaspace       used 67122K, capacity 68782K, committed 69120K, reserved 1110016K
  class space    used 8526K, capacity 8896K, committed 8960K, reserved 1048576K
Event: 647.772 GC heap after
Heap after GC invocations=23 (full 4):
 PSYoungGen      total 365568K, used 42469K [0x00000000e0000000, 0x00000000ff700000, 0x0000000100000000)
  eden space 323072K, 0% used [0x00000000e0000000,0x00000000e0000000,0x00000000f3b80000)
  from space 42496K, 99% used [0x00000000f3b80000,0x00000000f64f9638,0x00000000f6500000)
  to   space 58368K, 0% used [0x00000000fbe00000,0x00000000fbe00000,0x00000000ff700000)
 ParOldGen       total 113152K, used 80449K [0x00000000a0000000, 0x00000000a6e80000, 0x00000000e0000000)
  object space 113152K, 71% used [0x00000000a0000000,0x00000000a4e90528,0x00000000a6e80000)
 Metaspace       used 67122K, capacity 68782K, committed 69120K, reserved 1110016K
  class space    used 8526K, capacity 8896K, committed 8960K, reserved 1048576K
}
Event: 650.813 GC heap before
{Heap before GC invocations=24 (full 4):
 PSYoungGen      total 365568K, used 365541K [0x00000000e0000000, 0x00000000ff700000, 0x0000000100000000)
  eden space 323072K, 100% used [0x00000000e0000000,0x00000000f3b80000,0x00000000f3b80000)
  from space 42496K, 99% used [0x00000000f3b80000,0x00000000f64f9638,0x00000000f6500000)
  to   space 58368K, 0% used [0x00000000fbe00000,0x00000000fbe00000,0x00000000ff700000)
 ParOldGen       total 113152K, used 80449K [0x00000000a0000000, 0x00000000a6e80000, 0x00000000e0000000)
  object space 113152K, 71% used [0x00000000a0000000,0x00000000a4e90528,0x00000000a6e80000)
 Metaspace       used 67323K, capacity 68974K, committed 69120K, reserved 1110016K
  class space    used 8526K, capacity 8896K, committed 8960K, reserved 1048576K
Event: 651.537 GC heap after
Heap after GC invocations=24 (full 4):
 PSYoungGen      total 435200K, used 58336K [0x00000000e0000000, 0x0000000100000000, 0x0000000100000000)
  eden space 376832K, 0% used [0x00000000e0000000,0x00000000e0000000,0x00000000f7000000)
  from space 58368K, 99% used [0x00000000fbe00000,0x00000000ff6f8170,0x00000000ff700000)
  to   space 73728K, 0% used [0x00000000f7000000,0x00000000f7000000,0x00000000fb800000)
 ParOldGen       total 113152K, used 95310K [0x00000000a0000000, 0x00000000a6e80000, 0x00000000e0000000)
  object space 113152K, 84% used [0x00000000a0000000,0x00000000a5d13978,0x00000000a6e80000)
 Metaspace       used 67323K, capacity 68974K, committed 69120K, reserved 1110016K
  class space    used 8526K, capacity 8896K, committed 8960K, reserved 1048576K
}
Event: 651.538 GC heap before
{Heap before GC invocations=25 (full 5):
 PSYoungGen      total 435200K, used 58336K [0x00000000e0000000, 0x0000000100000000, 0x0000000100000000)
  eden space 376832K, 0% used [0x00000000e0000000,0x00000000e0000000,0x00000000f7000000)
  from space 58368K, 99% used [0x00000000fbe00000,0x00000000ff6f8170,0x00000000ff700000)
  to   space 73728K, 0% used [0x00000000f7000000,0x00000000f7000000,0x00000000fb800000)
 ParOldGen       total 113152K, used 95310K [0x00000000a0000000, 0x00000000a6e80000, 0x00000000e0000000)
  object space 113152K, 84% used [0x00000000a0000000,0x00000000a5d13978,0x00000000a6e80000)
 Metaspace       used 67323K, capacity 68974K, committed 69120K, reserved 1110016K
  class space    used 8526K, capacity 8896K, committed 8960K, reserved 1048576K

